[debug] [2023-10-19T00:02:01.385Z] ----------------------------------------------------------------------
[debug] [2023-10-19T00:02:01.387Z] Command:       C:\Program Files\nodejs\node.exe C:\Users\GGPC\AppData\Roaming\npm\node_modules\firebase-tools\lib\bin\firebase.js serve
[debug] [2023-10-19T00:02:01.387Z] CLI Version:   12.7.0
[debug] [2023-10-19T00:02:01.388Z] Platform:      win32
[debug] [2023-10-19T00:02:01.388Z] Node Version:  v20.5.1
[debug] [2023-10-19T00:02:01.388Z] Time:          Thu Oct 19 2023 13:02:01 GMT+1300 (New Zealand Daylight Time)
[debug] [2023-10-19T00:02:01.388Z] ----------------------------------------------------------------------
[debug] 
[debug] [2023-10-19T00:02:01.479Z] > command requires scopes: ["email","openid","https://www.googleapis.com/auth/cloudplatformprojects.readonly","https://www.googleapis.com/auth/firebase","https://www.googleapis.com/auth/cloud-platform"]
[debug] [2023-10-19T00:02:01.480Z] > authorizing via signed-in user (stiaan44@gmail.com)
[debug] [2023-10-19T00:02:01.480Z] [iam] checking project scp-crud-app-2 for permissions ["firebase.projects.get"]
[debug] [2023-10-19T00:02:01.481Z] >>> [apiv2][query] POST https://cloudresourcemanager.googleapis.com/v1/projects/scp-crud-app-2:testIamPermissions [none]
[debug] [2023-10-19T00:02:01.481Z] >>> [apiv2][(partial)header] POST https://cloudresourcemanager.googleapis.com/v1/projects/scp-crud-app-2:testIamPermissions x-goog-quota-user=projects/scp-crud-app-2
[debug] [2023-10-19T00:02:01.481Z] >>> [apiv2][body] POST https://cloudresourcemanager.googleapis.com/v1/projects/scp-crud-app-2:testIamPermissions {"permissions":["firebase.projects.get"]}
[debug] [2023-10-19T00:02:01.867Z] <<< [apiv2][status] POST https://cloudresourcemanager.googleapis.com/v1/projects/scp-crud-app-2:testIamPermissions 200
[debug] [2023-10-19T00:02:01.867Z] <<< [apiv2][body] POST https://cloudresourcemanager.googleapis.com/v1/projects/scp-crud-app-2:testIamPermissions {"permissions":["firebase.projects.get"]}
[debug] [2023-10-19T00:02:01.868Z] >>> [apiv2][query] GET https://firebase.googleapis.com/v1beta1/projects/scp-crud-app-2 [none]
[debug] [2023-10-19T00:02:02.615Z] <<< [apiv2][status] GET https://firebase.googleapis.com/v1beta1/projects/scp-crud-app-2 200
[debug] [2023-10-19T00:02:02.615Z] <<< [apiv2][body] GET https://firebase.googleapis.com/v1beta1/projects/scp-crud-app-2 {"projectId":"scp-crud-app-2","projectNumber":"533549569915","displayName":"SCP-CRUD-APP-2","name":"projects/scp-crud-app-2","resources":{"hostingSite":"scp-crud-app-2","realtimeDatabaseInstance":"scp-crud-app-2-default-rtdb","storageBucket":"scp-crud-app-2.appspot.com","locationId":"australia-southeast1"},"state":"ACTIVE","etag":"1_11f8012a-973b-4087-9901-890e438d97cd"}
[info] 
[info] === Serving from 'C:\Users\GGPC\scp-react-app3'...
[info] 
[debug] [2023-10-19T00:02:02.618Z] >>> [apiv2][query] GET https://firebasehosting.googleapis.com/v1beta1/projects/scp-crud-app-2/sites 
[debug] [2023-10-19T00:02:03.901Z] <<< [apiv2][status] GET https://firebasehosting.googleapis.com/v1beta1/projects/scp-crud-app-2/sites 200
[debug] [2023-10-19T00:02:03.901Z] <<< [apiv2][body] GET https://firebasehosting.googleapis.com/v1beta1/projects/scp-crud-app-2/sites {"sites":[{"name":"projects/scp-crud-app-2/sites/scp-crud-app-2","defaultUrl":"https://scp-crud-app-2.web.app","appId":"1:533549569915:web:4988cd57869355d9c9cfde","type":"DEFAULT_SITE"}]}
[debug] [2023-10-19T00:02:03.901Z] >>> [apiv2][query] GET https://firebase.googleapis.com/v1beta1/projects/scp-crud-app-2/webApps/1:533549569915:web:4988cd57869355d9c9cfde/config [none]
[debug] [2023-10-19T00:02:05.203Z] <<< [apiv2][status] GET https://firebase.googleapis.com/v1beta1/projects/scp-crud-app-2/webApps/1:533549569915:web:4988cd57869355d9c9cfde/config 200
[debug] [2023-10-19T00:02:05.203Z] <<< [apiv2][body] GET https://firebase.googleapis.com/v1beta1/projects/scp-crud-app-2/webApps/1:533549569915:web:4988cd57869355d9c9cfde/config {"projectId":"scp-crud-app-2","appId":"1:533549569915:web:4988cd57869355d9c9cfde","databaseURL":"https://scp-crud-app-2-default-rtdb.firebaseio.com","storageBucket":"scp-crud-app-2.appspot.com","locationId":"australia-southeast1","apiKey":"AIzaSyAAqFqxvok8DF5bx_bHMt5jqZCNdNUMiFI","authDomain":"scp-crud-app-2.firebaseapp.com","messagingSenderId":"533549569915"}
[debug] [2023-10-19T00:02:05.207Z] >>> [apiv2][query] GET https://firebase.googleapis.com/v1beta1/projects/scp-crud-app-2 [none]
[debug] [2023-10-19T00:02:05.847Z] <<< [apiv2][status] GET https://firebase.googleapis.com/v1beta1/projects/scp-crud-app-2 200
[debug] [2023-10-19T00:02:05.847Z] <<< [apiv2][body] GET https://firebase.googleapis.com/v1beta1/projects/scp-crud-app-2 {"projectId":"scp-crud-app-2","projectNumber":"533549569915","displayName":"SCP-CRUD-APP-2","name":"projects/scp-crud-app-2","resources":{"hostingSite":"scp-crud-app-2","realtimeDatabaseInstance":"scp-crud-app-2-default-rtdb","storageBucket":"scp-crud-app-2.appspot.com","locationId":"australia-southeast1"},"state":"ACTIVE","etag":"1_11f8012a-973b-4087-9901-890e438d97cd"}
[info] i  hosting[scp-crud-app-2]: Serving hosting files from: public {"metadata":{"emulator":{"name":"hosting"},"message":"Serving hosting files from: \u001b[1mpublic\u001b[22m"}}
[info] +  hosting[scp-crud-app-2]: Local server: http://localhost:5002 {"metadata":{"emulator":{"name":"hosting"},"message":"Local server: \u001b[4m\u001b[1mhttp://localhost:5002\u001b[22m\u001b[24m"}}
[info] i  hosting: ::1 - - [19/Oct/2023:00:02:16 +0000] "GET / HTTP/1.1" 200 - "-" "Mozilla/5.0 (Windows NT 10.0; Win64; x64) AppleWebKit/537.36 (KHTML, like Gecko) Chrome/118.0.0.0 Safari/537.36 Edg/118.0.2088.57" {"metadata":{"emulator":{"name":"hosting"},"message":"::1 - - [19/Oct/2023:00:02:16 +0000] \"GET / HTTP/1.1\" 200 - \"-\" \"Mozilla/5.0 (Windows NT 10.0; Win64; x64) AppleWebKit/537.36 (KHTML, like Gecko) Chrome/118.0.0.0 Safari/537.36 Edg/118.0.2088.57\""}}
[info] i  hosting: ::1 - - [19/Oct/2023:00:02:16 +0000] "GET /%PUBLIC_URL%/manifest.json HTTP/1.1" 500 - "http://localhost:5002/" "Mozilla/5.0 (Windows NT 10.0; Win64; x64) AppleWebKit/537.36 (KHTML, like Gecko) Chrome/118.0.0.0 Safari/537.36 Edg/118.0.2088.57" {"metadata":{"emulator":{"name":"hosting"},"message":"::1 - - [19/Oct/2023:00:02:16 +0000] \"GET /%PUBLIC_URL%/manifest.json HTTP/1.1\" 500 - \"http://localhost:5002/\" \"Mozilla/5.0 (Windows NT 10.0; Win64; x64) AppleWebKit/537.36 (KHTML, like Gecko) Chrome/118.0.0.0 Safari/537.36 Edg/118.0.2088.57\""}}
[info] i  hosting: ::1 - - [19/Oct/2023:00:02:16 +0000] "GET /%PUBLIC_URL%/favicon.ico HTTP/1.1" 500 - "http://localhost:5002/" "Mozilla/5.0 (Windows NT 10.0; Win64; x64) AppleWebKit/537.36 (KHTML, like Gecko) Chrome/118.0.0.0 Safari/537.36 Edg/118.0.2088.57" {"metadata":{"emulator":{"name":"hosting"},"message":"::1 - - [19/Oct/2023:00:02:16 +0000] \"GET /%PUBLIC_URL%/favicon.ico HTTP/1.1\" 500 - \"http://localhost:5002/\" \"Mozilla/5.0 (Windows NT 10.0; Win64; x64) AppleWebKit/537.36 (KHTML, like Gecko) Chrome/118.0.0.0 Safari/537.36 Edg/118.0.2088.57\""}}
